// Add uptime monitoring flow 1755015619
// Optimize workflow execution speed 1755015619
// Update environment variable handling 1755015619
// Update environment variable handling 1755015619
// Update environment variable handling 1755015619
// Update service health checks 1755015619
// Improve retry logic 1755015619
// Fix API timeout issues 1755015619
// Update environment variable handling 1755015619
// Add error alert notifications 1755015619
// Optimize workflow execution speed 1755094774
// Optimize workflow execution speed 1755094774
// Add uptime monitoring flow 1755094774
// Add error alert notifications 1755094774
// Add error alert notifications 1755094774
// Fix API timeout issues 1755094774
// Improve webhook reliability 1755094774
// Add custom logging 1755181142
// Optimize workflow execution speed 1755181142
// Add custom logging 1755181142
// Optimize workflow execution speed 1755181142
// Update environment variable handling 1755181142
// Add custom logging 1755181142
// Improve webhook reliability 1755181142
